Copyright 1986-2014 Xilinx, Inc. All Rights Reserved.
---------------------------------------------------------------------------------------------------------------------------
| Tool Version : Vivado v.2014.1 (win64) Build 881834 Fri Apr  4 14:12:35 MDT 2014
| Date         : Fri Apr 10 20:25:09 2015
| Host         : LIGHTNING running 64-bit major release  (build 9200)
| Command      : report_utilization -file design_1_wrapper_utilization_synth.rpt -pb design_1_wrapper_utilization_synth.pb
| Design       : design_1_wrapper
| Device       : xc7a100t
| Design State : Synthesized
---------------------------------------------------------------------------------------------------------------------------

Utilization Design Information

Table of Contents
-----------------
1. Slice Logic
2. Memory
3. DSP
4. IO and GT Specific
5. Clocking
6. Specific Feature
7. Primitives
8. Black Boxes
9. Instantiated Netlists

1. Slice Logic
--------------

+----------------------------+-------+-------+-----------+-------+
|          Site Type         |  Used | Loced | Available | Util% |
+----------------------------+-------+-------+-----------+-------+
| Slice LUTs*                | 20240 |     0 |     63400 | 31.92 |
|   LUT as Logic             | 18539 |     0 |     63400 | 29.24 |
|   LUT as Memory            |  1701 |     0 |     19000 |  8.95 |
|     LUT as Distributed RAM |  1072 |     0 |           |       |
|     LUT as Shift Register  |   629 |     0 |           |       |
| Slice Registers            | 21518 |     2 |    126800 | 16.97 |
|   Register as Flip Flop    | 21518 |     2 |    126800 | 16.97 |
|   Register as Latch        |     0 |     0 |    126800 |  0.00 |
| F7 Muxes                   |   156 |     0 |     31700 |  0.49 |
| F8 Muxes                   |     1 |     0 |     15850 | <0.01 |
+----------------------------+-------+-------+-----------+-------+
* Warning! The Final LUT count, after physical optimizations and full implementation, is typically lower. Run opt_design after synthesis, if not already completed, for a more realistic count.


2. Memory
---------

+-------------------+------+-------+-----------+-------+
|     Site Type     | Used | Loced | Available | Util% |
+-------------------+------+-------+-----------+-------+
| Block RAM Tile    |  9.5 |     0 |       135 |  7.03 |
|   RAMB36/FIFO*    |    9 |     0 |       135 |  6.66 |
|     RAMB36E1 only |    9 |       |           |       |
|   RAMB18          |    1 |     0 |       270 |  0.37 |
|     RAMB18E1 only |    1 |       |           |       |
+-------------------+------+-------+-----------+-------+
* Note: Each Block RAM Tile only has one FIFO logic available and therefore can accommodate only one FIFO36E1 or one FIFO18E1. However, if a FIFO18E1 occupies a Block RAM Tile, that tile can still accommodate a RAMB18E1


3. DSP
------

+----------------+------+-------+-----------+-------+
|    Site Type   | Used | Loced | Available | Util% |
+----------------+------+-------+-----------+-------+
| DSPs           |    6 |     0 |       240 |  2.50 |
|   DSP48E1 only |    6 |       |           |       |
+----------------+------+-------+-----------+-------+


4. IO and GT Specific
---------------------

+-----------------------------+------+-------+-----------+-------+
|          Site Type          | Used | Loced | Available | Util% |
+-----------------------------+------+-------+-----------+-------+
| Bonded IOB                  |   82 |     0 |       210 | 39.04 |
| Bonded IPADs                |    0 |     0 |         2 |  0.00 |
| PHY_CONTROL                 |    1 |     0 |         6 | 16.66 |
| PHASER_REF                  |    1 |     0 |         6 | 16.66 |
| OUT_FIFO                    |    4 |     0 |        24 | 16.66 |
| IN_FIFO                     |    2 |     0 |        24 |  8.33 |
| IDELAYCTRL                  |    1 |     0 |         6 | 16.66 |
| IBUFGDS                     |    0 |     0 |       202 |  0.00 |
| PHASER_OUT/PHASER_OUT_PHY   |    4 |     0 |        24 | 16.66 |
|   PHASER_OUT_PHY only       |    4 |     0 |           |       |
| PHASER_IN/PHASER_IN_PHY     |    2 |     0 |        24 |  8.33 |
|   PHASER_IN_PHY only        |    2 |     0 |           |       |
| IDELAYE2/IDELAYE2_FINEDELAY |   16 |     0 |       300 |  5.33 |
|   IDELAYE2 only             |   16 |     0 |           |       |
| ODELAYE2/ODELAYE2_FINEDELAY |    0 |     0 |         0 |  0.00 |
| IBUFDS_GTE2                 |    0 |     0 |         4 |  0.00 |
| ILOGIC                      |   16 |     0 |       210 |  7.61 |
|   ISERDES                   |   16 |       |           |       |
| OLOGIC                      |   48 |     0 |       210 | 22.85 |
|   OSERDES                   |   42 |       |           |       |
|   ODDR                      |    6 |       |           |       |
+-----------------------------+------+-------+-----------+-------+


5. Clocking
-----------

+------------+------+-------+-----------+-------+
|  Site Type | Used | Loced | Available | Util% |
+------------+------+-------+-----------+-------+
| BUFGCTRL   |   11 |     0 |        32 | 34.37 |
| BUFIO      |    0 |     0 |        24 |  0.00 |
| MMCME2_ADV |    2 |     0 |         6 | 33.33 |
| PLLE2_ADV  |    2 |     0 |         6 | 33.33 |
| BUFMRCE    |    0 |     0 |        12 |  0.00 |
| BUFHCE     |    2 |     0 |        96 |  2.08 |
| BUFR       |    0 |     0 |        24 |  0.00 |
+------------+------+-------+-----------+-------+


6. Specific Feature
-------------------

+-------------+------+-------+-----------+--------+
|  Site Type  | Used | Loced | Available |  Util% |
+-------------+------+-------+-----------+--------+
| BSCANE2     |    1 |     0 |         4 |  25.00 |
| CAPTUREE2   |    0 |     0 |         1 |   0.00 |
| DNA_PORT    |    0 |     0 |         1 |   0.00 |
| EFUSE_USR   |    0 |     0 |         1 |   0.00 |
| FRAME_ECCE2 |    0 |     0 |         1 |   0.00 |
| ICAPE2      |    0 |     0 |         2 |   0.00 |
| PCIE_2_1    |    0 |     0 |         1 |   0.00 |
| STARTUPE2   |    0 |     0 |         1 |   0.00 |
| XADC        |    1 |     0 |         1 | 100.00 |
+-------------+------+-------+-----------+--------+


7. Primitives
-------------

+--------------------------+-------+---------------------+
|         Ref Name         |  Used | Functional Category |
+--------------------------+-------+---------------------+
| FDRE                     | 19715 |        Flop & Latch |
| LUT6                     |  6593 |                 LUT |
| LUT3                     |  5999 |                 LUT |
| LUT4                     |  3279 |                 LUT |
| LUT5                     |  3075 |                 LUT |
| LUT2                     |  2357 |                 LUT |
| RAMD32                   |  1576 |  Distributed Memory |
| CARRY4                   |  1144 |          CarryLogic |
| LUT1                     |  1041 |                 LUT |
| FDCE                     |  1018 |        Flop & Latch |
| RAMS32                   |   504 |  Distributed Memory |
| FDSE                     |   468 |        Flop & Latch |
| SRLC32E                  |   429 |  Distributed Memory |
| FDPE                     |   317 |        Flop & Latch |
| SRL16E                   |   193 |  Distributed Memory |
| MUXF7                    |   156 |               MuxFx |
| OBUF                     |    43 |                  IO |
| OSERDESE2                |    42 |                  IO |
| OBUFT                    |    19 |                  IO |
| ISERDESE2                |    16 |                  IO |
| IDELAYE2                 |    16 |                  IO |
| IBUF_INTERMDISABLE       |    16 |                  IO |
| IBUF                     |    15 |                  IO |
| BUFG                     |    11 |               Clock |
| AND2B1L                  |    11 |              Others |
| RAMB36E1                 |     9 |        Block Memory |
| SRLC16E                  |     7 |  Distributed Memory |
| ODDR                     |     6 |                  IO |
| DSP48E1                  |     6 |    Block Arithmetic |
| PHASER_OUT_PHY           |     4 |                  IO |
| OUT_FIFO                 |     4 |                  IO |
| OBUFTDS                  |     4 |                  IO |
| IBUFDS_INTERMDISABLE_INT |     4 |                  IO |
| INV                      |     3 |                 LUT |
| PLLE2_ADV                |     2 |               Clock |
| PHASER_IN_PHY            |     2 |                  IO |
| OR2L                     |     2 |              Others |
| OBUFDS                   |     2 |                  IO |
| MMCME2_ADV               |     2 |               Clock |
| IN_FIFO                  |     2 |                  IO |
| BUFH                     |     2 |               Clock |
| XADC                     |     1 |              Others |
| RAMB18E1                 |     1 |        Block Memory |
| PHY_CONTROL              |     1 |                  IO |
| PHASER_REF               |     1 |                  IO |
| MUXF8                    |     1 |               MuxFx |
| IDELAYCTRL               |     1 |                  IO |
| BSCANE2                  |     1 |              Others |
+--------------------------+-------+---------------------+


8. Black Boxes
--------------

+----------+------+
| Ref Name | Used |
+----------+------+


9. Instantiated Netlists
------------------------

+----------+------+
| Ref Name | Used |
+----------+------+


